{"/Users/eneko/Documents/Projects/websocket/src/App.tsx": {"path":"/Users/eneko/Documents/Projects/websocket/src/App.tsx","statementMap":{"0":{"start":{"line":11,"column":26},"end":{"line":14,"column":1}},"1":{"start":{"line":16,"column":21},"end":{"line":19,"column":1}},"2":{"start":{"line":21,"column":32},"end":{"line":24,"column":1}},"3":{"start":{"line":27,"column":40},"end":{"line":27,"column":51}},"4":{"start":{"line":28,"column":36},"end":{"line":28,"column":63}},"5":{"start":{"line":29,"column":42},"end":{"line":29,"column":57}},"6":{"start":{"line":30,"column":44},"end":{"line":30,"column":58}},"7":{"start":{"line":31,"column":19},"end":{"line":31,"column":35}},"8":{"start":{"line":34,"column":2},"end":{"line":39,"column":8}},"9":{"start":{"line":35,"column":4},"end":{"line":37,"column":5}},"10":{"start":{"line":36,"column":6},"end":{"line":36,"column":39}},"11":{"start":{"line":38,"column":4},"end":{"line":38,"column":43}},"12":{"start":{"line":38,"column":25},"end":{"line":38,"column":42}},"13":{"start":{"line":42,"column":2},"end":{"line":81,"column":8}},"14":{"start":{"line":44,"column":25},"end":{"line":44,"column":27}},"15":{"start":{"line":45,"column":35},"end":{"line":45,"column":37}},"16":{"start":{"line":47,"column":4},"end":{"line":61,"column":5}},"17":{"start":{"line":49,"column":6},"end":{"line":49,"column":23}},"18":{"start":{"line":50,"column":6},"end":{"line":50,"column":43}},"19":{"start":{"line":52,"column":6},"end":{"line":60,"column":7}},"20":{"start":{"line":53,"column":8},"end":{"line":53,"column":27}},"21":{"start":{"line":54,"column":8},"end":{"line":54,"column":47}},"22":{"start":{"line":56,"column":8},"end":{"line":59,"column":9}},"23":{"start":{"line":57,"column":10},"end":{"line":57,"column":33}},"24":{"start":{"line":58,"column":10},"end":{"line":58,"column":53}},"25":{"start":{"line":63,"column":35},"end":{"line":72,"column":5}},"26":{"start":{"line":64,"column":23},"end":{"line":64,"column":41}},"27":{"start":{"line":65,"column":6},"end":{"line":71,"column":7}},"28":{"start":{"line":66,"column":8},"end":{"line":66,"column":44}},"29":{"start":{"line":67,"column":8},"end":{"line":67,"column":32}},"30":{"start":{"line":69,"column":8},"end":{"line":69,"column":37}},"31":{"start":{"line":70,"column":8},"end":{"line":70,"column":31}},"32":{"start":{"line":75,"column":4},"end":{"line":80,"column":5}},"33":{"start":{"line":76,"column":6},"end":{"line":76,"column":94}},"34":{"start":{"line":79,"column":6},"end":{"line":79,"column":80}},"35":{"start":{"line":83,"column":26},"end":{"line":86,"column":3}},"36":{"start":{"line":84,"column":4},"end":{"line":84,"column":32}},"37":{"start":{"line":85,"column":4},"end":{"line":85,"column":40}},"38":{"start":{"line":88,"column":21},"end":{"line":90,"column":3}},"39":{"start":{"line":89,"column":4},"end":{"line":89,"column":37}},"40":{"start":{"line":92,"column":2},"end":{"line":102,"column":4}}},"fnMap":{"0":{"name":"App","decl":{"start":{"line":26,"column":24},"end":{"line":26,"column":27}},"loc":{"start":{"line":26,"column":30},"end":{"line":103,"column":1}},"line":26},"1":{"name":"(anonymous_1)","decl":{"start":{"line":34,"column":12},"end":{"line":34,"column":13}},"loc":{"start":{"line":34,"column":18},"end":{"line":39,"column":3}},"line":34},"2":{"name":"(anonymous_2)","decl":{"start":{"line":35,"column":22},"end":{"line":35,"column":23}},"loc":{"start":{"line":35,"column":28},"end":{"line":37,"column":5}},"line":35},"3":{"name":"(anonymous_3)","decl":{"start":{"line":38,"column":19},"end":{"line":38,"column":20}},"loc":{"start":{"line":38,"column":25},"end":{"line":38,"column":42}},"line":38},"4":{"name":"(anonymous_4)","decl":{"start":{"line":42,"column":12},"end":{"line":42,"column":13}},"loc":{"start":{"line":42,"column":18},"end":{"line":81,"column":3}},"line":42},"5":{"name":"(anonymous_5)","decl":{"start":{"line":63,"column":35},"end":{"line":63,"column":36}},"loc":{"start":{"line":63,"column":41},"end":{"line":72,"column":5}},"line":63},"6":{"name":"(anonymous_6)","decl":{"start":{"line":83,"column":26},"end":{"line":83,"column":27}},"loc":{"start":{"line":83,"column":38},"end":{"line":86,"column":3}},"line":83},"7":{"name":"(anonymous_7)","decl":{"start":{"line":88,"column":21},"end":{"line":88,"column":22}},"loc":{"start":{"line":88,"column":33},"end":{"line":90,"column":3}},"line":88}},"branchMap":{"0":{"loc":{"start":{"line":47,"column":4},"end":{"line":61,"column":5}},"type":"if","locations":[{"start":{"line":47,"column":4},"end":{"line":61,"column":5}},{"start":{"line":51,"column":11},"end":{"line":61,"column":5}}],"line":47},"1":{"loc":{"start":{"line":52,"column":6},"end":{"line":60,"column":7}},"type":"if","locations":[{"start":{"line":52,"column":6},"end":{"line":60,"column":7}},{"start":{"line":55,"column":13},"end":{"line":60,"column":7}}],"line":52},"2":{"loc":{"start":{"line":56,"column":8},"end":{"line":59,"column":9}},"type":"if","locations":[{"start":{"line":56,"column":8},"end":{"line":59,"column":9}},{"start":{},"end":{}}],"line":56},"3":{"loc":{"start":{"line":65,"column":6},"end":{"line":71,"column":7}},"type":"if","locations":[{"start":{"line":65,"column":6},"end":{"line":71,"column":7}},{"start":{"line":68,"column":13},"end":{"line":71,"column":7}}],"line":65},"4":{"loc":{"start":{"line":75,"column":4},"end":{"line":80,"column":5}},"type":"if","locations":[{"start":{"line":75,"column":4},"end":{"line":80,"column":5}},{"start":{"line":77,"column":11},"end":{"line":80,"column":5}}],"line":75},"5":{"loc":{"start":{"line":75,"column":8},"end":{"line":75,"column":73}},"type":"binary-expr","locations":[{"start":{"line":75,"column":8},"end":{"line":75,"column":56}},{"start":{"line":75,"column":60},"end":{"line":75,"column":73}}],"line":75},"6":{"loc":{"start":{"line":94,"column":7},"end":{"line":100,"column":26}},"type":"cond-expr","locations":[{"start":{"line":94,"column":23},"end":{"line":100,"column":9}},{"start":{"line":100,"column":12},"end":{"line":100,"column":26}}],"line":94}},"s":{"0":1,"1":1,"2":1,"3":0,"4":0,"5":0,"6":0,"7":0,"8":0,"9":0,"10":0,"11":0,"12":0,"13":0,"14":0,"15":0,"16":0,"17":0,"18":0,"19":0,"20":0,"21":0,"22":0,"23":0,"24":0,"25":0,"26":0,"27":0,"28":0,"29":0,"30":0,"31":0,"32":0,"33":0,"34":0,"35":0,"36":0,"37":0,"38":0,"39":0,"40":0},"f":{"0":0,"1":0,"2":0,"3":0,"4":0,"5":0,"6":0,"7":0},"b":{"0":[0,0],"1":[0,0],"2":[0,0],"3":[0,0],"4":[0,0],"5":[0,0],"6":[0,0]},"_coverageSchema":"1a1c01bbd47fc00a2c39e90264f33305004495a9","hash":"833ac895c09ee4c1b5a2c749b1b756762a4edde0"}
,"/Users/eneko/Documents/Projects/websocket/src/constants.ts": {"path":"/Users/eneko/Documents/Projects/websocket/src/constants.ts","statementMap":{"0":{"start":{"line":1,"column":36},"end":{"line":1,"column":39}},"1":{"start":{"line":3,"column":40},"end":{"line":3,"column":42}}},"fnMap":{},"branchMap":{},"s":{"0":4,"1":4},"f":{},"b":{},"_coverageSchema":"1a1c01bbd47fc00a2c39e90264f33305004495a9","hash":"8639820d829bf14471fc0b5465f6b5cc4c9155c3"}
,"/Users/eneko/Documents/Projects/websocket/src/helpers.ts": {"path":"/Users/eneko/Documents/Projects/websocket/src/helpers.ts","statementMap":{"0":{"start":{"line":12,"column":30},"end":{"line":14,"column":1}},"1":{"start":{"line":13,"column":2},"end":{"line":13,"column":49}},"2":{"start":{"line":24,"column":28},"end":{"line":37,"column":1}},"3":{"start":{"line":25,"column":2},"end":{"line":36,"column":39}},"4":{"start":{"line":26,"column":22},"end":{"line":26,"column":37}},"5":{"start":{"line":27,"column":22},"end":{"line":27,"column":37}},"6":{"start":{"line":29,"column":4},"end":{"line":35,"column":5}},"7":{"start":{"line":30,"column":6},"end":{"line":30,"column":48}},"8":{"start":{"line":31,"column":11},"end":{"line":35,"column":5}},"9":{"start":{"line":32,"column":6},"end":{"line":32,"column":16}},"10":{"start":{"line":34,"column":6},"end":{"line":34,"column":19}},"11":{"start":{"line":36,"column":21},"end":{"line":36,"column":37}},"12":{"start":{"line":48,"column":33},"end":{"line":50,"column":1}},"13":{"start":{"line":49,"column":2},"end":{"line":49,"column":93}},"14":{"start":{"line":49,"column":42},"end":{"line":49,"column":90}},"15":{"start":{"line":52,"column":28},"end":{"line":54,"column":1}},"16":{"start":{"line":53,"column":2},"end":{"line":53,"column":52}}},"fnMap":{"0":{"name":"(anonymous_0)","decl":{"start":{"line":12,"column":30},"end":{"line":12,"column":31}},"loc":{"start":{"line":12,"column":67},"end":{"line":14,"column":1}},"line":12},"1":{"name":"(anonymous_1)","decl":{"start":{"line":24,"column":28},"end":{"line":24,"column":29}},"loc":{"start":{"line":24,"column":64},"end":{"line":37,"column":1}},"line":24},"2":{"name":"(anonymous_2)","decl":{"start":{"line":25,"column":20},"end":{"line":25,"column":21}},"loc":{"start":{"line":25,"column":36},"end":{"line":36,"column":3}},"line":25},"3":{"name":"(anonymous_3)","decl":{"start":{"line":36,"column":12},"end":{"line":36,"column":13}},"loc":{"start":{"line":36,"column":21},"end":{"line":36,"column":37}},"line":36},"4":{"name":"(anonymous_4)","decl":{"start":{"line":48,"column":33},"end":{"line":48,"column":34}},"loc":{"start":{"line":48,"column":89},"end":{"line":50,"column":1}},"line":48},"5":{"name":"(anonymous_5)","decl":{"start":{"line":49,"column":33},"end":{"line":49,"column":34}},"loc":{"start":{"line":49,"column":42},"end":{"line":49,"column":90}},"line":49},"6":{"name":"(anonymous_6)","decl":{"start":{"line":52,"column":28},"end":{"line":52,"column":29}},"loc":{"start":{"line":52,"column":53},"end":{"line":54,"column":1}},"line":52}},"branchMap":{"0":{"loc":{"start":{"line":29,"column":4},"end":{"line":35,"column":5}},"type":"if","locations":[{"start":{"line":29,"column":4},"end":{"line":35,"column":5}},{"start":{"line":31,"column":11},"end":{"line":35,"column":5}}],"line":29},"1":{"loc":{"start":{"line":29,"column":8},"end":{"line":29,"column":46}},"type":"binary-expr","locations":[{"start":{"line":29,"column":8},"end":{"line":29,"column":17}},{"start":{"line":29,"column":21},"end":{"line":29,"column":46}}],"line":29},"2":{"loc":{"start":{"line":31,"column":11},"end":{"line":35,"column":5}},"type":"if","locations":[{"start":{"line":31,"column":11},"end":{"line":35,"column":5}},{"start":{"line":33,"column":11},"end":{"line":35,"column":5}}],"line":31},"3":{"loc":{"start":{"line":31,"column":15},"end":{"line":31,"column":53}},"type":"binary-expr","locations":[{"start":{"line":31,"column":15},"end":{"line":31,"column":24}},{"start":{"line":31,"column":28},"end":{"line":31,"column":53}}],"line":31}},"s":{"0":5,"1":8,"2":5,"3":6,"4":8,"5":8,"6":8,"7":0,"8":8,"9":0,"10":8,"11":8,"12":5,"13":6,"14":8,"15":5,"16":0},"f":{"0":8,"1":6,"2":8,"3":8,"4":6,"5":8,"6":0},"b":{"0":[0,8],"1":[8,4],"2":[0,8],"3":[8,4]},"_coverageSchema":"1a1c01bbd47fc00a2c39e90264f33305004495a9","hash":"3e7df18233c8f523e3039545bd321c03b17d0935"}
,"/Users/eneko/Documents/Projects/websocket/src/hooks.ts": {"path":"/Users/eneko/Documents/Projects/websocket/src/hooks.ts","statementMap":{"0":{"start":{"line":5,"column":30},"end":{"line":5,"column":62}},"1":{"start":{"line":5,"column":36},"end":{"line":5,"column":62}},"2":{"start":{"line":6,"column":63},"end":{"line":6,"column":74}}},"fnMap":{"0":{"name":"(anonymous_0)","decl":{"start":{"line":5,"column":30},"end":{"line":5,"column":31}},"loc":{"start":{"line":5,"column":36},"end":{"line":5,"column":62}},"line":5}},"branchMap":{},"s":{"0":3,"1":0,"2":3},"f":{"0":0},"b":{},"_coverageSchema":"1a1c01bbd47fc00a2c39e90264f33305004495a9","hash":"312f911787ddf6a8dec8a0a032cb053d46a3aedb"}
,"/Users/eneko/Documents/Projects/websocket/src/components/Button/index.tsx": {"path":"/Users/eneko/Documents/Projects/websocket/src/components/Button/index.tsx","statementMap":{"0":{"start":{"line":11,"column":47},"end":{"line":17,"column":1}},"1":{"start":{"line":12,"column":2},"end":{"line":16,"column":4}}},"fnMap":{"0":{"name":"(anonymous_0)","decl":{"start":{"line":11,"column":47},"end":{"line":11,"column":48}},"loc":{"start":{"line":11,"column":101},"end":{"line":17,"column":1}},"line":11}},"branchMap":{"0":{"loc":{"start":{"line":11,"column":57},"end":{"line":11,"column":84}},"type":"default-arg","locations":[{"start":{"line":11,"column":75},"end":{"line":11,"column":84}}],"line":11}},"s":{"0":3,"1":0},"f":{"0":0},"b":{"0":[0]},"_coverageSchema":"1a1c01bbd47fc00a2c39e90264f33305004495a9","hash":"4d29943dde44a04b4fe57ee95f0dd1e906aca995"}
,"/Users/eneko/Documents/Projects/websocket/src/components/Button/styles.tsx": {"path":"/Users/eneko/Documents/Projects/websocket/src/components/Button/styles.tsx","statementMap":{"0":{"start":{"line":7,"column":25},"end":{"line":21,"column":1}},"1":{"start":{"line":13,"column":25},"end":{"line":13,"column":46}}},"fnMap":{"0":{"name":"(anonymous_0)","decl":{"start":{"line":13,"column":16},"end":{"line":13,"column":17}},"loc":{"start":{"line":13,"column":25},"end":{"line":13,"column":46}},"line":13}},"branchMap":{},"s":{"0":3,"1":0},"f":{"0":0},"b":{},"_coverageSchema":"1a1c01bbd47fc00a2c39e90264f33305004495a9","hash":"5967593dee75e32a2f103af3f61867ff3fc3eef0"}
,"/Users/eneko/Documents/Projects/websocket/src/components/DepthVisualizer/index.tsx": {"path":"/Users/eneko/Documents/Projects/websocket/src/components/DepthVisualizer/index.tsx","statementMap":{"0":{"start":{"line":11,"column":30},"end":{"line":14,"column":1}},"1":{"start":{"line":16,"column":65},"end":{"line":27,"column":1}},"2":{"start":{"line":17,"column":2},"end":{"line":26,"column":8}}},"fnMap":{"0":{"name":"(anonymous_0)","decl":{"start":{"line":16,"column":65},"end":{"line":16,"column":66}},"loc":{"start":{"line":16,"column":104},"end":{"line":27,"column":1}},"line":16}},"branchMap":{"0":{"loc":{"start":{"line":18,"column":24},"end":{"line":18,"column":110}},"type":"cond-expr","locations":[{"start":{"line":18,"column":55},"end":{"line":18,"column":81}},{"start":{"line":18,"column":84},"end":{"line":18,"column":110}}],"line":18},"1":{"loc":{"start":{"line":23,"column":13},"end":{"line":23,"column":95}},"type":"cond-expr","locations":[{"start":{"line":23,"column":74},"end":{"line":23,"column":91}},{"start":{"line":23,"column":94},"end":{"line":23,"column":95}}],"line":23},"2":{"loc":{"start":{"line":23,"column":13},"end":{"line":23,"column":71}},"type":"binary-expr","locations":[{"start":{"line":23,"column":13},"end":{"line":23,"column":41}},{"start":{"line":23,"column":45},"end":{"line":23,"column":71}}],"line":23}},"s":{"0":1,"1":1,"2":0},"f":{"0":0},"b":{"0":[0,0],"1":[0,0],"2":[0,0]},"_coverageSchema":"1a1c01bbd47fc00a2c39e90264f33305004495a9","hash":"1b3e6a3000953b76c19c1503e9fc74366a187b20"}
,"/Users/eneko/Documents/Projects/websocket/src/components/Footer/index.tsx": {"path":"/Users/eneko/Documents/Projects/websocket/src/components/Footer/index.tsx","statementMap":{"0":{"start":{"line":12,"column":47},"end":{"line":19,"column":1}},"1":{"start":{"line":13,"column":2},"end":{"line":18,"column":4}}},"fnMap":{"0":{"name":"(anonymous_0)","decl":{"start":{"line":12,"column":47},"end":{"line":12,"column":48}},"loc":{"start":{"line":12,"column":107},"end":{"line":19,"column":1}},"line":12}},"branchMap":{"0":{"loc":{"start":{"line":15,"column":7},"end":{"line":15,"column":114}},"type":"binary-expr","locations":[{"start":{"line":15,"column":7},"end":{"line":15,"column":20}},{"start":{"line":15,"column":24},"end":{"line":15,"column":114}}],"line":15},"1":{"loc":{"start":{"line":16,"column":21},"end":{"line":16,"column":62}},"type":"cond-expr","locations":[{"start":{"line":16,"column":36},"end":{"line":16,"column":48}},{"start":{"line":16,"column":51},"end":{"line":16,"column":62}}],"line":16}},"s":{"0":2,"1":0},"f":{"0":0},"b":{"0":[0,0],"1":[0,0]},"_coverageSchema":"1a1c01bbd47fc00a2c39e90264f33305004495a9","hash":"02bbde932cfeb7e62378b627b219be5d909342bb"}
,"/Users/eneko/Documents/Projects/websocket/src/components/Footer/styles.tsx": {"path":"/Users/eneko/Documents/Projects/websocket/src/components/Footer/styles.tsx","statementMap":{"0":{"start":{"line":3,"column":25},"end":{"line":7,"column":1}}},"fnMap":{},"branchMap":{},"s":{"0":2},"f":{},"b":{},"_coverageSchema":"1a1c01bbd47fc00a2c39e90264f33305004495a9","hash":"beaf8a867f7b0be984be9f2cc4a5e909a38c8124"}
,"/Users/eneko/Documents/Projects/websocket/src/components/GroupingSelectBox/Container.tsx": {"path":"/Users/eneko/Documents/Projects/websocket/src/components/GroupingSelectBox/Container.tsx","statementMap":{"0":{"start":{"line":3,"column":25},"end":{"line":15,"column":1}}},"fnMap":{},"branchMap":{},"s":{"0":3},"f":{},"b":{},"_coverageSchema":"1a1c01bbd47fc00a2c39e90264f33305004495a9","hash":"ce66a25eafc6d3090a650d15ffe4b42edeca1414"}
,"/Users/eneko/Documents/Projects/websocket/src/components/GroupingSelectBox/index.tsx": {"path":"/Users/eneko/Documents/Projects/websocket/src/components/GroupingSelectBox/index.tsx","statementMap":{"0":{"start":{"line":11,"column":76},"end":{"line":27,"column":1}},"1":{"start":{"line":12,"column":31},"end":{"line":12,"column":61}},"2":{"start":{"line":13,"column":19},"end":{"line":13,"column":35}},"3":{"start":{"line":15,"column":23},"end":{"line":17,"column":3}},"4":{"start":{"line":16,"column":4},"end":{"line":16,"column":54}},"5":{"start":{"line":19,"column":2},"end":{"line":26,"column":4}},"6":{"start":{"line":22,"column":39},"end":{"line":22,"column":95}}},"fnMap":{"0":{"name":"(anonymous_0)","decl":{"start":{"line":11,"column":76},"end":{"line":11,"column":77}},"loc":{"start":{"line":11,"column":93},"end":{"line":27,"column":1}},"line":11},"1":{"name":"(anonymous_1)","decl":{"start":{"line":15,"column":23},"end":{"line":15,"column":24}},"loc":{"start":{"line":15,"column":66},"end":{"line":17,"column":3}},"line":15},"2":{"name":"(anonymous_2)","decl":{"start":{"line":22,"column":22},"end":{"line":22,"column":23}},"loc":{"start":{"line":22,"column":39},"end":{"line":22,"column":95}},"line":22}},"branchMap":{},"s":{"0":3,"1":0,"2":0,"3":0,"4":0,"5":0,"6":0},"f":{"0":0,"1":0,"2":0},"b":{},"_coverageSchema":"1a1c01bbd47fc00a2c39e90264f33305004495a9","hash":"eb8349ec5e6e0b7202e1f9ccfc0c871ee9921f7b"}
,"/Users/eneko/Documents/Projects/websocket/src/components/Header/index.tsx": {"path":"/Users/eneko/Documents/Projects/websocket/src/components/Header/index.tsx","statementMap":{"0":{"start":{"line":9,"column":47},"end":{"line":14,"column":1}},"1":{"start":{"line":10,"column":2},"end":{"line":13,"column":14}}},"fnMap":{"0":{"name":"(anonymous_0)","decl":{"start":{"line":9,"column":47},"end":{"line":9,"column":48}},"loc":{"start":{"line":10,"column":2},"end":{"line":13,"column":14}},"line":10}},"branchMap":{},"s":{"0":2,"1":0},"f":{"0":0},"b":{},"_coverageSchema":"1a1c01bbd47fc00a2c39e90264f33305004495a9","hash":"8a1df84b232024d10233b872a4f2c96cf6018779"}
,"/Users/eneko/Documents/Projects/websocket/src/components/Header/styles.tsx": {"path":"/Users/eneko/Documents/Projects/websocket/src/components/Header/styles.tsx","statementMap":{"0":{"start":{"line":3,"column":25},"end":{"line":20,"column":1}}},"fnMap":{},"branchMap":{},"s":{"0":2},"f":{},"b":{},"_coverageSchema":"1a1c01bbd47fc00a2c39e90264f33305004495a9","hash":"5eabe43c26ee74ce94d0e242aab766741fa8b590"}
,"/Users/eneko/Documents/Projects/websocket/src/components/Loader/index.tsx": {"path":"/Users/eneko/Documents/Projects/websocket/src/components/Loader/index.tsx","statementMap":{"0":{"start":{"line":4,"column":34},"end":{"line":32,"column":1}},"1":{"start":{"line":5,"column":2},"end":{"line":31,"column":4}}},"fnMap":{"0":{"name":"(anonymous_0)","decl":{"start":{"line":4,"column":34},"end":{"line":4,"column":35}},"loc":{"start":{"line":4,"column":40},"end":{"line":32,"column":1}},"line":4}},"branchMap":{},"s":{"0":1,"1":0},"f":{"0":0},"b":{},"_coverageSchema":"1a1c01bbd47fc00a2c39e90264f33305004495a9","hash":"e464b59215989449eccb438c0a61061f70cea7d6"}
,"/Users/eneko/Documents/Projects/websocket/src/components/Loader/styles.tsx": {"path":"/Users/eneko/Documents/Projects/websocket/src/components/Loader/styles.tsx","statementMap":{"0":{"start":{"line":3,"column":25},"end":{"line":13,"column":1}}},"fnMap":{},"branchMap":{},"s":{"0":1},"f":{},"b":{},"_coverageSchema":"1a1c01bbd47fc00a2c39e90264f33305004495a9","hash":"b3bf4bfaa6799ba2fe84b68f19dbd65ee7959b2d"}
,"/Users/eneko/Documents/Projects/websocket/src/components/OrderBook/index.tsx": {"path":"/Users/eneko/Documents/Projects/websocket/src/components/OrderBook/index.tsx","statementMap":{"0":{"start":{"line":17,"column":29},"end":{"line":17,"column":67}},"1":{"start":{"line":35,"column":30},"end":{"line":35,"column":32}},"2":{"start":{"line":36,"column":30},"end":{"line":36,"column":32}},"3":{"start":{"line":39,"column":53},"end":{"line":164,"column":1}},"4":{"start":{"line":40,"column":27},"end":{"line":40,"column":53}},"5":{"start":{"line":41,"column":27},"end":{"line":41,"column":53}},"6":{"start":{"line":42,"column":19},"end":{"line":42,"column":35}},"7":{"start":{"line":43,"column":44},"end":{"line":48,"column":4}},"8":{"start":{"line":44,"column":18},"end":{"line":44,"column":61}},"9":{"start":{"line":45,"column":19},"end":{"line":45,"column":62}},"10":{"start":{"line":46,"column":37},"end":{"line":46,"column":41}},"11":{"start":{"line":47,"column":56},"end":{"line":47,"column":78}},"12":{"start":{"line":50,"column":26},"end":{"line":58,"column":3}},"13":{"start":{"line":51,"column":21},"end":{"line":51,"column":43}},"14":{"start":{"line":53,"column":4},"end":{"line":57,"column":5}},"15":{"start":{"line":54,"column":6},"end":{"line":54,"column":43}},"16":{"start":{"line":56,"column":6},"end":{"line":56,"column":24}},"17":{"start":{"line":60,"column":2},"end":{"line":82,"column":63}},"18":{"start":{"line":62,"column":33},"end":{"line":66,"column":7}},"19":{"start":{"line":67,"column":6},"end":{"line":67,"column":42}},"20":{"start":{"line":69,"column":31},"end":{"line":73,"column":7}},"21":{"start":{"line":74,"column":6},"end":{"line":74,"column":40}},"22":{"start":{"line":77,"column":4},"end":{"line":81,"column":5}},"23":{"start":{"line":78,"column":6},"end":{"line":78,"column":30}},"24":{"start":{"line":80,"column":6},"end":{"line":80,"column":25}},"25":{"start":{"line":84,"column":18},"end":{"line":103,"column":3}},"26":{"start":{"line":85,"column":4},"end":{"line":93,"column":5}},"27":{"start":{"line":86,"column":6},"end":{"line":86,"column":51}},"28":{"start":{"line":88,"column":6},"end":{"line":92,"column":7}},"29":{"start":{"line":89,"column":8},"end":{"line":89,"column":39}},"30":{"start":{"line":90,"column":8},"end":{"line":90,"column":25}},"31":{"start":{"line":91,"column":8},"end":{"line":91,"column":31}},"32":{"start":{"line":94,"column":4},"end":{"line":102,"column":5}},"33":{"start":{"line":95,"column":6},"end":{"line":95,"column":51}},"34":{"start":{"line":97,"column":6},"end":{"line":101,"column":7}},"35":{"start":{"line":98,"column":8},"end":{"line":98,"column":39}},"36":{"start":{"line":99,"column":8},"end":{"line":99,"column":25}},"37":{"start":{"line":100,"column":8},"end":{"line":100,"column":31}},"38":{"start":{"line":105,"column":22},"end":{"line":107,"column":3}},"39":{"start":{"line":106,"column":4},"end":{"line":106,"column":84}},"40":{"start":{"line":109,"column":27},"end":{"line":143,"column":3}},"41":{"start":{"line":110,"column":44},"end":{"line":120,"column":5}},"42":{"start":{"line":112,"column":29},"end":{"line":112,"column":30}},"43":{"start":{"line":113,"column":8},"end":{"line":117,"column":9}},"44":{"start":{"line":114,"column":10},"end":{"line":114,"column":50}},"45":{"start":{"line":116,"column":10},"end":{"line":116,"column":50}},"46":{"start":{"line":118,"column":8},"end":{"line":118,"column":22}},"47":{"start":{"line":122,"column":4},"end":{"line":142,"column":6}},"48":{"start":{"line":124,"column":40},"end":{"line":124,"column":48}},"49":{"start":{"line":125,"column":30},"end":{"line":125,"column":59}},"50":{"start":{"line":126,"column":22},"end":{"line":126,"column":30}},"51":{"start":{"line":127,"column":29},"end":{"line":127,"column":51}},"52":{"start":{"line":128,"column":30},"end":{"line":128,"column":51}},"53":{"start":{"line":130,"column":8},"end":{"line":140,"column":10}},"54":{"start":{"line":145,"column":2},"end":{"line":163,"column":3}}},"fnMap":{"0":{"name":"(anonymous_0)","decl":{"start":{"line":39,"column":53},"end":{"line":39,"column":54}},"loc":{"start":{"line":39,"column":99},"end":{"line":164,"column":1}},"line":39},"1":{"name":"(anonymous_1)","decl":{"start":{"line":44,"column":12},"end":{"line":44,"column":13}},"loc":{"start":{"line":44,"column":18},"end":{"line":44,"column":61}},"line":44},"2":{"name":"(anonymous_2)","decl":{"start":{"line":45,"column":13},"end":{"line":45,"column":14}},"loc":{"start":{"line":45,"column":19},"end":{"line":45,"column":62}},"line":45},"3":{"name":"(anonymous_3)","decl":{"start":{"line":46,"column":21},"end":{"line":46,"column":22}},"loc":{"start":{"line":46,"column":37},"end":{"line":46,"column":41}},"line":46},"4":{"name":"(anonymous_4)","decl":{"start":{"line":47,"column":15},"end":{"line":47,"column":16}},"loc":{"start":{"line":47,"column":56},"end":{"line":47,"column":78}},"line":47},"5":{"name":"(anonymous_5)","decl":{"start":{"line":50,"column":26},"end":{"line":50,"column":27}},"loc":{"start":{"line":50,"column":56},"end":{"line":58,"column":3}},"line":50},"6":{"name":"(anonymous_6)","decl":{"start":{"line":60,"column":12},"end":{"line":60,"column":13}},"loc":{"start":{"line":60,"column":18},"end":{"line":82,"column":3}},"line":60},"7":{"name":"connect","decl":{"start":{"line":61,"column":13},"end":{"line":61,"column":20}},"loc":{"start":{"line":61,"column":38},"end":{"line":75,"column":5}},"line":61},"8":{"name":"(anonymous_8)","decl":{"start":{"line":84,"column":18},"end":{"line":84,"column":19}},"loc":{"start":{"line":84,"column":35},"end":{"line":103,"column":3}},"line":84},"9":{"name":"(anonymous_9)","decl":{"start":{"line":105,"column":22},"end":{"line":105,"column":23}},"loc":{"start":{"line":105,"column":47},"end":{"line":107,"column":3}},"line":105},"10":{"name":"(anonymous_10)","decl":{"start":{"line":109,"column":27},"end":{"line":109,"column":28}},"loc":{"start":{"line":109,"column":107},"end":{"line":143,"column":3}},"line":109},"11":{"name":"(anonymous_11)","decl":{"start":{"line":111,"column":6},"end":{"line":111,"column":7}},"loc":{"start":{"line":111,"column":63},"end":{"line":119,"column":7}},"line":111},"12":{"name":"(anonymous_12)","decl":{"start":{"line":123,"column":30},"end":{"line":123,"column":31}},"loc":{"start":{"line":123,"column":46},"end":{"line":141,"column":7}},"line":123}},"branchMap":{"0":{"loc":{"start":{"line":53,"column":4},"end":{"line":57,"column":5}},"type":"if","locations":[{"start":{"line":53,"column":4},"end":{"line":57,"column":5}},{"start":{"line":55,"column":11},"end":{"line":57,"column":5}}],"line":53},"1":{"loc":{"start":{"line":77,"column":4},"end":{"line":81,"column":5}},"type":"if","locations":[{"start":{"line":77,"column":4},"end":{"line":81,"column":5}},{"start":{"line":79,"column":11},"end":{"line":81,"column":5}}],"line":77},"2":{"loc":{"start":{"line":85,"column":4},"end":{"line":93,"column":5}},"type":"if","locations":[{"start":{"line":85,"column":4},"end":{"line":93,"column":5}},{"start":{},"end":{}}],"line":85},"3":{"loc":{"start":{"line":88,"column":6},"end":{"line":92,"column":7}},"type":"if","locations":[{"start":{"line":88,"column":6},"end":{"line":92,"column":7}},{"start":{},"end":{}}],"line":88},"4":{"loc":{"start":{"line":94,"column":4},"end":{"line":102,"column":5}},"type":"if","locations":[{"start":{"line":94,"column":4},"end":{"line":102,"column":5}},{"start":{},"end":{}}],"line":94},"5":{"loc":{"start":{"line":97,"column":6},"end":{"line":101,"column":7}},"type":"if","locations":[{"start":{"line":97,"column":6},"end":{"line":101,"column":7}},{"start":{},"end":{}}],"line":97},"6":{"loc":{"start":{"line":109,"column":48},"end":{"line":109,"column":85}},"type":"default-arg","locations":[{"start":{"line":109,"column":71},"end":{"line":109,"column":85}}],"line":109},"7":{"loc":{"start":{"line":113,"column":8},"end":{"line":117,"column":9}},"type":"if","locations":[{"start":{"line":113,"column":8},"end":{"line":117,"column":9}},{"start":{"line":115,"column":15},"end":{"line":117,"column":9}}],"line":113},"8":{"loc":{"start":{"line":113,"column":12},"end":{"line":113,"column":70}},"type":"binary-expr","locations":[{"start":{"line":113,"column":12},"end":{"line":113,"column":40}},{"start":{"line":113,"column":44},"end":{"line":113,"column":70}}],"line":113},"9":{"loc":{"start":{"line":147,"column":7},"end":{"line":161,"column":18}},"type":"cond-expr","locations":[{"start":{"line":148,"column":8},"end":{"line":160,"column":11}},{"start":{"line":161,"column":8},"end":{"line":161,"column":18}}],"line":147},"10":{"loc":{"start":{"line":147,"column":7},"end":{"line":147,"column":33}},"type":"binary-expr","locations":[{"start":{"line":147,"column":7},"end":{"line":147,"column":18}},{"start":{"line":147,"column":22},"end":{"line":147,"column":33}}],"line":147},"11":{"loc":{"start":{"line":150,"column":13},"end":{"line":150,"column":109}},"type":"binary-expr","locations":[{"start":{"line":150,"column":13},"end":{"line":150,"column":39}},{"start":{"line":150,"column":43},"end":{"line":150,"column":109}}],"line":150}},"s":{"0":1,"1":1,"2":1,"3":1,"4":0,"5":0,"6":0,"7":0,"8":0,"9":0,"10":0,"11":0,"12":0,"13":0,"14":0,"15":0,"16":0,"17":0,"18":0,"19":0,"20":0,"21":0,"22":0,"23":0,"24":0,"25":0,"26":0,"27":0,"28":0,"29":0,"30":0,"31":0,"32":0,"33":0,"34":0,"35":0,"36":0,"37":0,"38":0,"39":0,"40":0,"41":0,"42":0,"43":0,"44":0,"45":0,"46":0,"47":0,"48":0,"49":0,"50":0,"51":0,"52":0,"53":0,"54":0},"f":{"0":0,"1":0,"2":0,"3":0,"4":0,"5":0,"6":0,"7":0,"8":0,"9":0,"10":0,"11":0,"12":0},"b":{"0":[0,0],"1":[0,0],"2":[0,0],"3":[0,0],"4":[0,0],"5":[0,0],"6":[0],"7":[0,0],"8":[0,0],"9":[0,0],"10":[0,0],"11":[0,0]},"_coverageSchema":"1a1c01bbd47fc00a2c39e90264f33305004495a9","hash":"23a43c01812e6ab145b19cb10502145c92ebd502"}
,"/Users/eneko/Documents/Projects/websocket/src/components/OrderBook/orderbookSlice.ts": {"path":"/Users/eneko/Documents/Projects/websocket/src/components/OrderBook/orderbookSlice.ts","statementMap":{"0":{"start":{"line":17,"column":37},"end":{"line":26,"column":1}},"1":{"start":{"line":28,"column":25},"end":{"line":28,"column":118}},"2":{"start":{"line":28,"column":76},"end":{"line":28,"column":118}},"3":{"start":{"line":28,"column":99},"end":{"line":28,"column":117}},"4":{"start":{"line":30,"column":25},"end":{"line":37,"column":1}},"5":{"start":{"line":31,"column":2},"end":{"line":36,"column":5}},"6":{"start":{"line":32,"column":4},"end":{"line":34,"column":5}},"7":{"start":{"line":33,"column":6},"end":{"line":33,"column":27}},"8":{"start":{"line":35,"column":4},"end":{"line":35,"column":17}},"9":{"start":{"line":39,"column":20},"end":{"line":39,"column":142}},"10":{"start":{"line":39,"column":85},"end":{"line":39,"column":142}},"11":{"start":{"line":39,"column":113},"end":{"line":39,"column":141}},"12":{"start":{"line":41,"column":22},"end":{"line":43,"column":1}},"13":{"start":{"line":42,"column":2},"end":{"line":42,"column":33}},"14":{"start":{"line":56,"column":20},"end":{"line":80,"column":1}},"15":{"start":{"line":57,"column":34},"end":{"line":57,"column":47}},"16":{"start":{"line":59,"column":2},"end":{"line":77,"column":5}},"17":{"start":{"line":60,"column":28},"end":{"line":60,"column":41}},"18":{"start":{"line":61,"column":27},"end":{"line":61,"column":40}},"19":{"start":{"line":64,"column":4},"end":{"line":76,"column":5}},"20":{"start":{"line":65,"column":6},"end":{"line":65,"column":71}},"21":{"start":{"line":68,"column":6},"end":{"line":75,"column":7}},"22":{"start":{"line":69,"column":8},"end":{"line":69,"column":68}},"23":{"start":{"line":72,"column":8},"end":{"line":74,"column":9}},"24":{"start":{"line":73,"column":10},"end":{"line":73,"column":67}},"25":{"start":{"line":79,"column":2},"end":{"line":79,"column":23}},"26":{"start":{"line":82,"column":21},"end":{"line":97,"column":1}},"27":{"start":{"line":83,"column":30},"end":{"line":83,"column":32}},"28":{"start":{"line":85,"column":2},"end":{"line":96,"column":5}},"29":{"start":{"line":86,"column":25},"end":{"line":86,"column":33}},"30":{"start":{"line":87,"column":4},"end":{"line":95,"column":5}},"31":{"start":{"line":88,"column":6},"end":{"line":88,"column":19}},"32":{"start":{"line":90,"column":27},"end":{"line":90,"column":37}},"33":{"start":{"line":91,"column":31},"end":{"line":91,"column":75}},"34":{"start":{"line":92,"column":6},"end":{"line":92,"column":33}},"35":{"start":{"line":93,"column":6},"end":{"line":93,"column":31}},"36":{"start":{"line":94,"column":6},"end":{"line":94,"column":26}},"37":{"start":{"line":99,"column":18},"end":{"line":111,"column":1}},"38":{"start":{"line":100,"column":2},"end":{"line":110,"column":5}},"39":{"start":{"line":101,"column":4},"end":{"line":109,"column":5}},"40":{"start":{"line":102,"column":6},"end":{"line":102,"column":19}},"41":{"start":{"line":104,"column":38},"end":{"line":104,"column":46}},"42":{"start":{"line":105,"column":20},"end":{"line":105,"column":54}},"43":{"start":{"line":106,"column":27},"end":{"line":106,"column":37}},"44":{"start":{"line":107,"column":6},"end":{"line":107,"column":30}},"45":{"start":{"line":108,"column":6},"end":{"line":108,"column":26}},"46":{"start":{"line":113,"column":23},"end":{"line":116,"column":1}},"47":{"start":{"line":114,"column":30},"end":{"line":114,"column":59}},"48":{"start":{"line":114,"column":50},"end":{"line":114,"column":58}},"49":{"start":{"line":115,"column":2},"end":{"line":115,"column":41}},"50":{"start":{"line":118,"column":30},"end":{"line":174,"column":2}},"51":{"start":{"line":123,"column":40},"end":{"line":123,"column":67}},"52":{"start":{"line":124,"column":45},"end":{"line":124,"column":90}},"53":{"start":{"line":125,"column":38},"end":{"line":130,"column":7}},"54":{"start":{"line":132,"column":6},"end":{"line":132,"column":55}},"55":{"start":{"line":133,"column":6},"end":{"line":133,"column":71}},"56":{"start":{"line":136,"column":40},"end":{"line":136,"column":67}},"57":{"start":{"line":137,"column":45},"end":{"line":137,"column":90}},"58":{"start":{"line":138,"column":38},"end":{"line":143,"column":7}},"59":{"start":{"line":145,"column":6},"end":{"line":145,"column":55}},"60":{"start":{"line":146,"column":6},"end":{"line":146,"column":71}},"61":{"start":{"line":149,"column":34},"end":{"line":149,"column":46}},"62":{"start":{"line":150,"column":34},"end":{"line":150,"column":46}},"63":{"start":{"line":151,"column":31},"end":{"line":151,"column":100}},"64":{"start":{"line":152,"column":31},"end":{"line":152,"column":100}},"65":{"start":{"line":154,"column":6},"end":{"line":154,"column":43}},"66":{"start":{"line":155,"column":6},"end":{"line":155,"column":30}},"67":{"start":{"line":156,"column":6},"end":{"line":156,"column":30}},"68":{"start":{"line":157,"column":6},"end":{"line":157,"column":48}},"69":{"start":{"line":158,"column":6},"end":{"line":158,"column":48}},"70":{"start":{"line":159,"column":6},"end":{"line":159,"column":64}},"71":{"start":{"line":160,"column":6},"end":{"line":160,"column":64}},"72":{"start":{"line":163,"column":6},"end":{"line":163,"column":35}},"73":{"start":{"line":166,"column":6},"end":{"line":166,"column":22}},"74":{"start":{"line":167,"column":6},"end":{"line":167,"column":22}},"75":{"start":{"line":168,"column":6},"end":{"line":168,"column":25}},"76":{"start":{"line":169,"column":6},"end":{"line":169,"column":25}},"77":{"start":{"line":170,"column":6},"end":{"line":170,"column":29}},"78":{"start":{"line":171,"column":6},"end":{"line":171,"column":29}},"79":{"start":{"line":176,"column":85},"end":{"line":176,"column":107}},"80":{"start":{"line":178,"column":26},"end":{"line":178,"column":80}},"81":{"start":{"line":178,"column":60},"end":{"line":178,"column":80}},"82":{"start":{"line":179,"column":26},"end":{"line":179,"column":80}},"83":{"start":{"line":179,"column":60},"end":{"line":179,"column":80}},"84":{"start":{"line":180,"column":30},"end":{"line":180,"column":88}},"85":{"start":{"line":180,"column":60},"end":{"line":180,"column":88}},"86":{"start":{"line":181,"column":28},"end":{"line":181,"column":80}},"87":{"start":{"line":181,"column":58},"end":{"line":181,"column":80}}},"fnMap":{"0":{"name":"(anonymous_0)","decl":{"start":{"line":28,"column":25},"end":{"line":28,"column":26}},"loc":{"start":{"line":28,"column":76},"end":{"line":28,"column":118}},"line":28},"1":{"name":"(anonymous_1)","decl":{"start":{"line":28,"column":90},"end":{"line":28,"column":91}},"loc":{"start":{"line":28,"column":99},"end":{"line":28,"column":117}},"line":28},"2":{"name":"(anonymous_2)","decl":{"start":{"line":30,"column":25},"end":{"line":30,"column":26}},"loc":{"start":{"line":30,"column":85},"end":{"line":37,"column":1}},"line":30},"3":{"name":"(anonymous_3)","decl":{"start":{"line":31,"column":20},"end":{"line":31,"column":21}},"loc":{"start":{"line":31,"column":29},"end":{"line":36,"column":3}},"line":31},"4":{"name":"(anonymous_4)","decl":{"start":{"line":39,"column":20},"end":{"line":39,"column":21}},"loc":{"start":{"line":39,"column":85},"end":{"line":39,"column":142}},"line":39},"5":{"name":"(anonymous_5)","decl":{"start":{"line":39,"column":104},"end":{"line":39,"column":105}},"loc":{"start":{"line":39,"column":113},"end":{"line":39,"column":141}},"line":39},"6":{"name":"(anonymous_6)","decl":{"start":{"line":41,"column":22},"end":{"line":41,"column":23}},"loc":{"start":{"line":41,"column":80},"end":{"line":43,"column":1}},"line":41},"7":{"name":"(anonymous_7)","decl":{"start":{"line":56,"column":20},"end":{"line":56,"column":21}},"loc":{"start":{"line":56,"column":83},"end":{"line":80,"column":1}},"line":56},"8":{"name":"(anonymous_8)","decl":{"start":{"line":59,"column":17},"end":{"line":59,"column":18}},"loc":{"start":{"line":59,"column":33},"end":{"line":77,"column":3}},"line":59},"9":{"name":"(anonymous_9)","decl":{"start":{"line":82,"column":21},"end":{"line":82,"column":22}},"loc":{"start":{"line":82,"column":57},"end":{"line":97,"column":1}},"line":82},"10":{"name":"(anonymous_10)","decl":{"start":{"line":85,"column":20},"end":{"line":85,"column":21}},"loc":{"start":{"line":85,"column":46},"end":{"line":96,"column":3}},"line":85},"11":{"name":"(anonymous_11)","decl":{"start":{"line":99,"column":18},"end":{"line":99,"column":19}},"loc":{"start":{"line":99,"column":72},"end":{"line":111,"column":1}},"line":99},"12":{"name":"(anonymous_12)","decl":{"start":{"line":100,"column":20},"end":{"line":100,"column":21}},"loc":{"start":{"line":100,"column":29},"end":{"line":110,"column":3}},"line":100},"13":{"name":"(anonymous_13)","decl":{"start":{"line":113,"column":23},"end":{"line":113,"column":24}},"loc":{"start":{"line":113,"column":55},"end":{"line":116,"column":1}},"line":113},"14":{"name":"(anonymous_14)","decl":{"start":{"line":114,"column":41},"end":{"line":114,"column":42}},"loc":{"start":{"line":114,"column":50},"end":{"line":114,"column":58}},"line":114},"15":{"name":"(anonymous_15)","decl":{"start":{"line":122,"column":13},"end":{"line":122,"column":14}},"loc":{"start":{"line":122,"column":37},"end":{"line":134,"column":5}},"line":122},"16":{"name":"(anonymous_16)","decl":{"start":{"line":135,"column":13},"end":{"line":135,"column":14}},"loc":{"start":{"line":135,"column":37},"end":{"line":147,"column":5}},"line":135},"17":{"name":"(anonymous_17)","decl":{"start":{"line":148,"column":22},"end":{"line":148,"column":23}},"loc":{"start":{"line":148,"column":46},"end":{"line":161,"column":5}},"line":148},"18":{"name":"(anonymous_18)","decl":{"start":{"line":162,"column":17},"end":{"line":162,"column":18}},"loc":{"start":{"line":162,"column":41},"end":{"line":164,"column":5}},"line":162},"19":{"name":"(anonymous_19)","decl":{"start":{"line":165,"column":22},"end":{"line":165,"column":23}},"loc":{"start":{"line":165,"column":33},"end":{"line":172,"column":5}},"line":165},"20":{"name":"(anonymous_20)","decl":{"start":{"line":178,"column":26},"end":{"line":178,"column":27}},"loc":{"start":{"line":178,"column":60},"end":{"line":178,"column":80}},"line":178},"21":{"name":"(anonymous_21)","decl":{"start":{"line":179,"column":26},"end":{"line":179,"column":27}},"loc":{"start":{"line":179,"column":60},"end":{"line":179,"column":80}},"line":179},"22":{"name":"(anonymous_22)","decl":{"start":{"line":180,"column":30},"end":{"line":180,"column":31}},"loc":{"start":{"line":180,"column":60},"end":{"line":180,"column":88}},"line":180},"23":{"name":"(anonymous_23)","decl":{"start":{"line":181,"column":28},"end":{"line":181,"column":29}},"loc":{"start":{"line":181,"column":58},"end":{"line":181,"column":80}},"line":181}},"branchMap":{"0":{"loc":{"start":{"line":32,"column":4},"end":{"line":34,"column":5}},"type":"if","locations":[{"start":{"line":32,"column":4},"end":{"line":34,"column":5}},{"start":{},"end":{}}],"line":32},"1":{"loc":{"start":{"line":64,"column":4},"end":{"line":76,"column":5}},"type":"if","locations":[{"start":{"line":64,"column":4},"end":{"line":76,"column":5}},{"start":{"line":66,"column":11},"end":{"line":76,"column":5}}],"line":64},"2":{"loc":{"start":{"line":64,"column":8},"end":{"line":64,"column":71}},"type":"binary-expr","locations":[{"start":{"line":64,"column":8},"end":{"line":64,"column":28}},{"start":{"line":64,"column":32},"end":{"line":64,"column":71}}],"line":64},"3":{"loc":{"start":{"line":68,"column":6},"end":{"line":75,"column":7}},"type":"if","locations":[{"start":{"line":68,"column":6},"end":{"line":75,"column":7}},{"start":{"line":70,"column":13},"end":{"line":75,"column":7}}],"line":68},"4":{"loc":{"start":{"line":72,"column":8},"end":{"line":74,"column":9}},"type":"if","locations":[{"start":{"line":72,"column":8},"end":{"line":74,"column":9}},{"start":{},"end":{}}],"line":72},"5":{"loc":{"start":{"line":87,"column":4},"end":{"line":95,"column":5}},"type":"if","locations":[{"start":{"line":87,"column":4},"end":{"line":95,"column":5}},{"start":{"line":89,"column":11},"end":{"line":95,"column":5}}],"line":87},"6":{"loc":{"start":{"line":91,"column":31},"end":{"line":91,"column":75}},"type":"cond-expr","locations":[{"start":{"line":91,"column":43},"end":{"line":91,"column":47}},{"start":{"line":91,"column":50},"end":{"line":91,"column":75}}],"line":91},"7":{"loc":{"start":{"line":101,"column":4},"end":{"line":109,"column":5}},"type":"if","locations":[{"start":{"line":101,"column":4},"end":{"line":109,"column":5}},{"start":{"line":103,"column":11},"end":{"line":109,"column":5}}],"line":101}},"s":{"0":4,"1":4,"2":0,"3":0,"4":4,"5":0,"6":0,"7":0,"8":0,"9":4,"10":4,"11":0,"12":4,"13":4,"14":4,"15":2,"16":2,"17":4,"18":4,"19":4,"20":0,"21":4,"22":0,"23":4,"24":4,"25":2,"26":4,"27":4,"28":4,"29":8,"30":8,"31":0,"32":8,"33":8,"34":8,"35":8,"36":8,"37":4,"38":4,"39":8,"40":0,"41":8,"42":8,"43":8,"44":8,"45":8,"46":4,"47":4,"48":8,"49":4,"50":4,"51":1,"52":1,"53":1,"54":1,"55":1,"56":1,"57":1,"58":1,"59":1,"60":1,"61":1,"62":1,"63":1,"64":1,"65":1,"66":1,"67":1,"68":1,"69":1,"70":1,"71":1,"72":0,"73":0,"74":0,"75":0,"76":0,"77":0,"78":0,"79":4,"80":4,"81":0,"82":4,"83":0,"84":4,"85":0,"86":4,"87":0},"f":{"0":0,"1":0,"2":0,"3":0,"4":4,"5":0,"6":4,"7":2,"8":4,"9":4,"10":8,"11":4,"12":8,"13":4,"14":8,"15":1,"16":1,"17":1,"18":0,"19":0,"20":0,"21":0,"22":0,"23":0},"b":{"0":[0,0],"1":[0,4],"2":[4,0],"3":[0,4],"4":[4,0],"5":[0,8],"6":[4,4],"7":[0,8]},"_coverageSchema":"1a1c01bbd47fc00a2c39e90264f33305004495a9","hash":"206294707695ee194d8a36a4ceec333312b80ef2"}
,"/Users/eneko/Documents/Projects/websocket/src/components/OrderBook/styles.tsx": {"path":"/Users/eneko/Documents/Projects/websocket/src/components/OrderBook/styles.tsx","statementMap":{"0":{"start":{"line":3,"column":25},"end":{"line":15,"column":1}},"1":{"start":{"line":17,"column":30},"end":{"line":26,"column":1}}},"fnMap":{},"branchMap":{},"s":{"0":1,"1":1},"f":{},"b":{},"_coverageSchema":"1a1c01bbd47fc00a2c39e90264f33305004495a9","hash":"bdb8278e902c86bd6fc2ea5bc0d266218bbbe21b"}
,"/Users/eneko/Documents/Projects/websocket/src/components/OrderBook/PriceLevelRow/index.tsx": {"path":"/Users/eneko/Documents/Projects/websocket/src/components/OrderBook/PriceLevelRow/index.tsx","statementMap":{"0":{"start":{"line":14,"column":61},"end":{"line":36,"column":1}},"1":{"start":{"line":21,"column":2},"end":{"line":35,"column":4}}},"fnMap":{"0":{"name":"(anonymous_0)","decl":{"start":{"line":14,"column":61},"end":{"line":14,"column":62}},"loc":{"start":{"line":20,"column":6},"end":{"line":36,"column":1}},"line":20}},"branchMap":{"0":{"loc":{"start":{"line":18,"column":2},"end":{"line":18,"column":29}},"type":"default-arg","locations":[{"start":{"line":18,"column":24},"end":{"line":18,"column":29}}],"line":18},"1":{"loc":{"start":{"line":23,"column":7},"end":{"line":33,"column":11}},"type":"cond-expr","locations":[{"start":{"line":24,"column":8},"end":{"line":28,"column":11}},{"start":{"line":29,"column":8},"end":{"line":33,"column":11}}],"line":23},"2":{"loc":{"start":{"line":23,"column":7},"end":{"line":23,"column":56}},"type":"binary-expr","locations":[{"start":{"line":23,"column":7},"end":{"line":23,"column":26}},{"start":{"line":23,"column":30},"end":{"line":23,"column":56}}],"line":23}},"s":{"0":1,"1":0},"f":{"0":0},"b":{"0":[0],"1":[0,0],"2":[0,0]},"_coverageSchema":"1a1c01bbd47fc00a2c39e90264f33305004495a9","hash":"49fc36d241a447fb562623982f84f187084ae7a5"}
,"/Users/eneko/Documents/Projects/websocket/src/components/OrderBook/PriceLevelRow/styles.tsx": {"path":"/Users/eneko/Documents/Projects/websocket/src/components/OrderBook/PriceLevelRow/styles.tsx","statementMap":{"0":{"start":{"line":8,"column":25},"end":{"line":40,"column":1}},"1":{"start":{"line":15,"column":33},"end":{"line":15,"column":70}},"2":{"start":{"line":27,"column":23},"end":{"line":27,"column":50}},"3":{"start":{"line":28,"column":24},"end":{"line":28,"column":51}},"4":{"start":{"line":38,"column":22},"end":{"line":38,"column":59}},"5":{"start":{"line":42,"column":38},"end":{"line":44,"column":1}}},"fnMap":{"0":{"name":"(anonymous_0)","decl":{"start":{"line":15,"column":24},"end":{"line":15,"column":25}},"loc":{"start":{"line":15,"column":33},"end":{"line":15,"column":70}},"line":15},"1":{"name":"(anonymous_1)","decl":{"start":{"line":27,"column":14},"end":{"line":27,"column":15}},"loc":{"start":{"line":27,"column":23},"end":{"line":27,"column":50}},"line":27},"2":{"name":"(anonymous_2)","decl":{"start":{"line":28,"column":15},"end":{"line":28,"column":16}},"loc":{"start":{"line":28,"column":24},"end":{"line":28,"column":51}},"line":28},"3":{"name":"(anonymous_3)","decl":{"start":{"line":38,"column":13},"end":{"line":38,"column":14}},"loc":{"start":{"line":38,"column":22},"end":{"line":38,"column":59}},"line":38}},"branchMap":{"0":{"loc":{"start":{"line":15,"column":33},"end":{"line":15,"column":70}},"type":"cond-expr","locations":[{"start":{"line":15,"column":49},"end":{"line":15,"column":58}},{"start":{"line":15,"column":61},"end":{"line":15,"column":70}}],"line":15},"1":{"loc":{"start":{"line":27,"column":23},"end":{"line":27,"column":50}},"type":"cond-expr","locations":[{"start":{"line":27,"column":39},"end":{"line":27,"column":46}},{"start":{"line":27,"column":49},"end":{"line":27,"column":50}}],"line":27},"2":{"loc":{"start":{"line":28,"column":24},"end":{"line":28,"column":51}},"type":"cond-expr","locations":[{"start":{"line":28,"column":40},"end":{"line":28,"column":41}},{"start":{"line":28,"column":44},"end":{"line":28,"column":51}}],"line":28},"3":{"loc":{"start":{"line":38,"column":22},"end":{"line":38,"column":59}},"type":"cond-expr","locations":[{"start":{"line":38,"column":38},"end":{"line":38,"column":47}},{"start":{"line":38,"column":50},"end":{"line":38,"column":59}}],"line":38}},"s":{"0":1,"1":0,"2":0,"3":0,"4":0,"5":1},"f":{"0":0,"1":0,"2":0,"3":0},"b":{"0":[0,0],"1":[0,0],"2":[0,0],"3":[0,0]},"_coverageSchema":"1a1c01bbd47fc00a2c39e90264f33305004495a9","hash":"465c59d180432acdb237a7463a986f98ca65f584"}
,"/Users/eneko/Documents/Projects/websocket/src/components/OrderBook/TitleRow/index.tsx": {"path":"/Users/eneko/Documents/Projects/websocket/src/components/OrderBook/TitleRow/index.tsx","statementMap":{"0":{"start":{"line":10,"column":51},"end":{"line":26,"column":1}},"1":{"start":{"line":11,"column":2},"end":{"line":25,"column":4}}},"fnMap":{"0":{"name":"(anonymous_0)","decl":{"start":{"line":10,"column":51},"end":{"line":10,"column":52}},"loc":{"start":{"line":10,"column":101},"end":{"line":26,"column":1}},"line":10}},"branchMap":{"0":{"loc":{"start":{"line":10,"column":54},"end":{"line":10,"column":81}},"type":"default-arg","locations":[{"start":{"line":10,"column":76},"end":{"line":10,"column":81}}],"line":10},"1":{"loc":{"start":{"line":13,"column":7},"end":{"line":23,"column":11}},"type":"cond-expr","locations":[{"start":{"line":14,"column":8},"end":{"line":18,"column":11}},{"start":{"line":19,"column":8},"end":{"line":23,"column":11}}],"line":13},"2":{"loc":{"start":{"line":13,"column":7},"end":{"line":13,"column":56}},"type":"binary-expr","locations":[{"start":{"line":13,"column":7},"end":{"line":13,"column":26}},{"start":{"line":13,"column":30},"end":{"line":13,"column":56}}],"line":13}},"s":{"0":1,"1":0},"f":{"0":0},"b":{"0":[0],"1":[0,0],"2":[0,0]},"_coverageSchema":"1a1c01bbd47fc00a2c39e90264f33305004495a9","hash":"97c14d478dc6414dfc48725d50bd52f18cc62fe1"}
,"/Users/eneko/Documents/Projects/websocket/src/components/OrderBook/TitleRow/styles.tsx": {"path":"/Users/eneko/Documents/Projects/websocket/src/components/OrderBook/TitleRow/styles.tsx","statementMap":{"0":{"start":{"line":3,"column":25},"end":{"line":13,"column":1}}},"fnMap":{},"branchMap":{},"s":{"0":1},"f":{},"b":{},"_coverageSchema":"1a1c01bbd47fc00a2c39e90264f33305004495a9","hash":"b169ecceab80b71852d703834b7f1f45998c0e5b"}
,"/Users/eneko/Documents/Projects/websocket/src/components/Spread/index.tsx": {"path":"/Users/eneko/Documents/Projects/websocket/src/components/Spread/index.tsx","statementMap":{"0":{"start":{"line":10,"column":47},"end":{"line":30,"column":1}},"1":{"start":{"line":11,"column":24},"end":{"line":14,"column":3}},"2":{"start":{"line":12,"column":29},"end":{"line":12,"column":52}},"3":{"start":{"line":12,"column":45},"end":{"line":12,"column":51}},"4":{"start":{"line":13,"column":4},"end":{"line":13,"column":40}},"5":{"start":{"line":16,"column":23},"end":{"line":19,"column":3}},"6":{"start":{"line":17,"column":29},"end":{"line":17,"column":52}},"7":{"start":{"line":17,"column":45},"end":{"line":17,"column":51}},"8":{"start":{"line":18,"column":4},"end":{"line":18,"column":40}},"9":{"start":{"line":21,"column":26},"end":{"line":21,"column":124}},"10":{"start":{"line":21,"column":74},"end":{"line":21,"column":124}},"11":{"start":{"line":23,"column":30},"end":{"line":23,"column":126}},"12":{"start":{"line":23,"column":78},"end":{"line":23,"column":126}},"13":{"start":{"line":25,"column":2},"end":{"line":29,"column":4}}},"fnMap":{"0":{"name":"(anonymous_0)","decl":{"start":{"line":10,"column":47},"end":{"line":10,"column":48}},"loc":{"start":{"line":10,"column":67},"end":{"line":30,"column":1}},"line":10},"1":{"name":"(anonymous_1)","decl":{"start":{"line":11,"column":24},"end":{"line":11,"column":25}},"loc":{"start":{"line":11,"column":54},"end":{"line":14,"column":3}},"line":11},"2":{"name":"(anonymous_2)","decl":{"start":{"line":12,"column":38},"end":{"line":12,"column":39}},"loc":{"start":{"line":12,"column":45},"end":{"line":12,"column":51}},"line":12},"3":{"name":"(anonymous_3)","decl":{"start":{"line":16,"column":23},"end":{"line":16,"column":24}},"loc":{"start":{"line":16,"column":53},"end":{"line":19,"column":3}},"line":16},"4":{"name":"(anonymous_4)","decl":{"start":{"line":17,"column":38},"end":{"line":17,"column":39}},"loc":{"start":{"line":17,"column":45},"end":{"line":17,"column":51}},"line":17},"5":{"name":"(anonymous_5)","decl":{"start":{"line":21,"column":26},"end":{"line":21,"column":27}},"loc":{"start":{"line":21,"column":74},"end":{"line":21,"column":124}},"line":21},"6":{"name":"(anonymous_6)","decl":{"start":{"line":23,"column":30},"end":{"line":23,"column":31}},"loc":{"start":{"line":23,"column":78},"end":{"line":23,"column":126}},"line":23}},"branchMap":{},"s":{"0":2,"1":0,"2":0,"3":0,"4":0,"5":0,"6":0,"7":0,"8":0,"9":0,"10":0,"11":0,"12":0,"13":0},"f":{"0":0,"1":0,"2":0,"3":0,"4":0,"5":0,"6":0},"b":{},"_coverageSchema":"1a1c01bbd47fc00a2c39e90264f33305004495a9","hash":"e59878e347d601e5d3bc7f258c7447e57d080545"}
,"/Users/eneko/Documents/Projects/websocket/src/components/Spread/styles.tsx": {"path":"/Users/eneko/Documents/Projects/websocket/src/components/Spread/styles.tsx","statementMap":{"0":{"start":{"line":3,"column":25},"end":{"line":14,"column":1}}},"fnMap":{},"branchMap":{},"s":{"0":2},"f":{},"b":{},"_coverageSchema":"1a1c01bbd47fc00a2c39e90264f33305004495a9","hash":"2f29dcecf4e683928ae6059b891892a2d4c6fcec"}
,"/Users/eneko/Documents/Projects/websocket/src/components/StatusMessage/index.tsx": {"path":"/Users/eneko/Documents/Projects/websocket/src/components/StatusMessage/index.tsx","statementMap":{"0":{"start":{"line":9,"column":61},"end":{"line":15,"column":1}},"1":{"start":{"line":10,"column":2},"end":{"line":14,"column":4}}},"fnMap":{"0":{"name":"(anonymous_0)","decl":{"start":{"line":9,"column":61},"end":{"line":9,"column":62}},"loc":{"start":{"line":9,"column":104},"end":{"line":15,"column":1}},"line":9}},"branchMap":{"0":{"loc":{"start":{"line":9,"column":64},"end":{"line":9,"column":83}},"type":"default-arg","locations":[{"start":{"line":9,"column":81},"end":{"line":9,"column":83}}],"line":9},"1":{"loc":{"start":{"line":12,"column":7},"end":{"line":12,"column":75}},"type":"cond-expr","locations":[{"start":{"line":12,"column":22},"end":{"line":12,"column":36}},{"start":{"line":12,"column":39},"end":{"line":12,"column":75}}],"line":12}},"s":{"0":2,"1":0},"f":{"0":0},"b":{"0":[0],"1":[0,0]},"_coverageSchema":"1a1c01bbd47fc00a2c39e90264f33305004495a9","hash":"122c434f703d746b8005e24bcf13b1f76f7a2ec8"}
,"/Users/eneko/Documents/Projects/websocket/src/components/StatusMessage/styles.tsx": {"path":"/Users/eneko/Documents/Projects/websocket/src/components/StatusMessage/styles.tsx","statementMap":{"0":{"start":{"line":3,"column":25},"end":{"line":8,"column":1}}},"fnMap":{},"branchMap":{},"s":{"0":2},"f":{},"b":{},"_coverageSchema":"1a1c01bbd47fc00a2c39e90264f33305004495a9","hash":"0684c913115b891c2d8930b5a67cce0a5dd37cfe"}
,"/Users/eneko/Documents/Projects/websocket/src/styles/global.ts": {"path":"/Users/eneko/Documents/Projects/websocket/src/styles/global.ts","statementMap":{},"fnMap":{},"branchMap":{},"s":{},"f":{},"b":{},"_coverageSchema":"1a1c01bbd47fc00a2c39e90264f33305004495a9","hash":"daebb9ae8661ef190fac48b3ca01c8a67a43a61d"}
}
